<?xml version="1.0" encoding="UTF-8"?>
<beans xmlns="http://www.springframework.org/schema/beans"
       xmlns:xsi="http://www.w3.org/2001/XMLSchema-instance"
       xmlns:util="http://www.springframework.org/schema/util"
       xsi:schemaLocation="http://www.springframework.org/schema/beans
                http://www.springframework.org/schema/beans/spring-beans-3.0.xsd
                http://www.springframework.org/schema/util
                http://www.springframework.org/schema/util/spring-util-4.0.xsd">

    <util:properties id="mysqlUserInfo" location="classpath:mysqlUserInfo.properties" />

    <bean id="connectionMaker" class="springstudy.user.dao.MyConnectionMaker" />

    <bean id="dataSource" class="org.springframework.jdbc.datasource.SimpleDriverDataSource">
        <property name="driverClass" value="com.mysql.jdbc.Driver" />
        <property name="url" value="#{mysqlUserInfo['mysql.test.url']}" />
        <property name="username" value="#{mysqlUserInfo['mysql.test.userId']}" />
        <property name="password" value="#{mysqlUserInfo['mysql.test.userPassword']}" />
    </bean>

    <bean id="userDao" class="springstudy.user.dao.UserDao">
        <property name="dataSource" ref="dataSource" />
    </bean>
</beans>